13:11:2020 13:57:13.033: [restartedMain]: INFO : MobileDeApplication: o.s.boot.StartupInfoLogger.logStarting: 55: Starting MobileDeApplication on TN10008 with PID 21480 (C:\Work\Workspace\backend-coding-challenge\target\classes started by swarnava.c in C:\Work\Workspace\backend-coding-challenge)
13:11:2020 13:57:13.036: [restartedMain]: DEBUG: MobileDeApplication: o.s.boot.StartupInfoLogger.logStarting: 56: Running with Spring Boot v2.2.0.RELEASE, Spring v5.2.0.RELEASE
13:11:2020 13:57:13.038: [restartedMain]: INFO : MobileDeApplication: o.s.boot.SpringApplication.logStartupProfileInfo: 651: No active profile set, falling back to default profiles: default
13:11:2020 13:57:16.134: [restartedMain]: WARN : MobileDeApplication: o.s.b.a.o.j.JpaBaseConfiguration$JpaWebConfiguration.openEntityManagerInViewInterceptor: 220: spring.jpa.open-in-view is enabled by default. Therefore, database queries may be performed during view rendering. Explicitly configure spring.jpa.open-in-view to disable this warning
13:11:2020 13:57:16.689: [restartedMain]: INFO : MobileDeApplication: o.s.boot.StartupInfoLogger.logStarted: 61: Started MobileDeApplication in 3.919 seconds (JVM running for 4.861)
13:11:2020 14:01:12.649: [http-nio-8080-exec-4]: INFO : MobileDeApplication: d.m.service.impl.CustomerServiceImpl.create: 43: Object to save MobileCustomer [mobileCustomerId=null, firstName=Abc, lastName=Xyz, companyName=ABC GmbH, email=admin@abc.com, mobileAds=null]
13:11:2020 14:01:12.698: [http-nio-8080-exec-4]: INFO : MobileDeApplication: d.m.service.impl.CustomerServiceImpl.create: 45: Successfully saved!!
13:11:2020 14:01:17.489: [http-nio-8080-exec-7]: INFO : MobileDeApplication: d.m.service.impl.CustomerServiceImpl.create: 43: Object to save MobileCustomer [mobileCustomerId=null, firstName=Abc, lastName=Xyz, companyName=ABC GmbH, email=admin@abc.com, mobileAds=null]
13:11:2020 14:01:17.493: [http-nio-8080-exec-7]: INFO : MobileDeApplication: d.m.service.impl.CustomerServiceImpl.create: 45: Successfully saved!!
13:11:2020 14:01:27.964: [http-nio-8080-exec-8]: INFO : MobileDeApplication: d.m.service.impl.CustomerServiceImpl.listCustomers: 82: The requested customer details [CustomerResponse [mobileCustomerId=1, firstName=Abc, lastName=Xyz, companyName=ABC GmbH, email=admin@abc.com, ads=null], CustomerResponse [mobileCustomerId=2, firstName=Abc, lastName=Xyz, companyName=ABC GmbH, email=admin@abc.com, ads=null]]
13:11:2020 14:04:31.592: [http-nio-8080-exec-9]: INFO : MobileDeApplication: d.m.service.impl.CustomerServiceImpl.listCustomers: 82: The requested customer details [CustomerResponse [mobileCustomerId=1, firstName=Abc, lastName=Xyz, companyName=ABC GmbH, email=admin@abc.com, ads=null], CustomerResponse [mobileCustomerId=2, firstName=Abc, lastName=Xyz, companyName=ABC GmbH, email=admin@abc.com, ads=null]]
13:11:2020 14:05:31.452: [http-nio-8080-exec-5]: INFO : MobileDeApplication: d.m.service.impl.CustomerServiceImpl.listCustomers: 82: The requested customer details [CustomerResponse [mobileCustomerId=1, firstName=Abc, lastName=Xyz, companyName=ABC GmbH, email=admin@abc.com, ads=null], CustomerResponse [mobileCustomerId=2, firstName=Abc, lastName=Xyz, companyName=ABC GmbH, email=admin@abc.com, ads=null]]
13:11:2020 14:05:45.028: [http-nio-8080-exec-4]: INFO : MobileDeApplication: de.mobile.service.impl.AdServiceImpl.listAds: 62: The requested ads details []
13:11:2020 14:05:52.350: [http-nio-8080-exec-7]: INFO : MobileDeApplication: de.mobile.service.impl.AdServiceImpl.create: 37: Object to save MobileAd [id=null, customerId=1, make=BMW, model=S100, description=test, category=Car, price=0]
13:11:2020 14:05:57.430: [http-nio-8080-exec-8]: INFO : MobileDeApplication: de.mobile.service.impl.AdServiceImpl.listAds: 62: The requested ads details [AdResponse [id=1, make=BMW, model=S100, description=test, category=Car, price=0.00, customerId=1]]
13:11:2020 14:06:30.732: [http-nio-8080-exec-10]: INFO : MobileDeApplication: d.m.service.impl.CustomerServiceImpl.listCustomers: 82: The requested customer details [CustomerResponse [mobileCustomerId=1, firstName=Abc, lastName=Xyz, companyName=ABC GmbH, email=admin@abc.com, ads=[AdResponse [id=1, make=BMW, model=S100, description=test, category=Car, price=0.00, customerId=1]]], CustomerResponse [mobileCustomerId=2, firstName=Abc, lastName=Xyz, companyName=ABC GmbH, email=admin@abc.com, ads=null]]
13:11:2020 14:07:41.422: [http-nio-8080-exec-9]: INFO : MobileDeApplication: d.mobile.controller.CustomerResource.remove: 113: Received DELETE request for id {}1
13:11:2020 14:07:41.460: [http-nio-8080-exec-9]: INFO : MobileDeApplication: d.m.service.impl.CustomerServiceImpl.remove: 59: Successfully Deleted id-1
13:11:2020 14:07:47.181: [http-nio-8080-exec-6]: INFO : MobileDeApplication: d.m.service.impl.CustomerServiceImpl.listCustomers: 82: The requested customer details [CustomerResponse [mobileCustomerId=2, firstName=Abc, lastName=Xyz, companyName=ABC GmbH, email=admin@abc.com, ads=null]]
13:11:2020 14:07:52.388: [http-nio-8080-exec-3]: INFO : MobileDeApplication: de.mobile.service.impl.AdServiceImpl.listAds: 62: The requested ads details []
13:11:2020 14:17:25.354: [RMI TCP Connection(2)-127.0.0.1]: WARN : MobileDeApplication: o.s.b.f.s.DisposableBeanAdapter.destroy: 267: Invocation of destroy method failed on bean with name 'inMemoryDatabaseShutdownExecutor': org.h2.jdbc.JdbcSQLNonTransientConnectionException: Database is already closed (to disable automatic closing at VM shutdown, add ";DB_CLOSE_ON_EXIT=FALSE" to the db URL) [90121-199]
13:11:2020 14:31:54.441: [restartedMain]: INFO : MobileDeApplication: o.s.boot.StartupInfoLogger.logStarting: 55: Starting MobileDeApplication on TN10008 with PID 28340 (C:\Work\Workspace\backend-coding-challenge\target\classes started by swarnava.c in C:\Work\Workspace\backend-coding-challenge)
13:11:2020 14:31:54.444: [restartedMain]: DEBUG: MobileDeApplication: o.s.boot.StartupInfoLogger.logStarting: 56: Running with Spring Boot v2.2.0.RELEASE, Spring v5.2.0.RELEASE
13:11:2020 14:31:54.445: [restartedMain]: INFO : MobileDeApplication: o.s.boot.SpringApplication.logStartupProfileInfo: 651: No active profile set, falling back to default profiles: default
13:11:2020 14:31:57.660: [restartedMain]: WARN : MobileDeApplication: o.s.b.a.o.j.JpaBaseConfiguration$JpaWebConfiguration.openEntityManagerInViewInterceptor: 220: spring.jpa.open-in-view is enabled by default. Therefore, database queries may be performed during view rendering. Explicitly configure spring.jpa.open-in-view to disable this warning
13:11:2020 14:31:58.189: [restartedMain]: INFO : MobileDeApplication: o.s.boot.StartupInfoLogger.logStarted: 61: Started MobileDeApplication in 4.041 seconds (JVM running for 4.988)
13:11:2020 14:32:05.471: [RMI TCP Connection(2)-127.0.0.1]: WARN : MobileDeApplication: o.s.b.f.s.DisposableBeanAdapter.destroy: 267: Invocation of destroy method failed on bean with name 'inMemoryDatabaseShutdownExecutor': org.h2.jdbc.JdbcSQLNonTransientConnectionException: Database is already closed (to disable automatic closing at VM shutdown, add ";DB_CLOSE_ON_EXIT=FALSE" to the db URL) [90121-199]
